<?xml version="1.0" encoding="UTF-8"?>
<testsuite name="com.mixia.app.crypto.Argon2KdfTest" tests="9" skipped="0" failures="0" errors="0" timestamp="2026-09-14T22:40:57.375Z" hostname="公司" time="1.183">
  <properties/>
  <testcase name="参数相等性按内容比较" classname="com.mixia.app.crypto.Argon2KdfTest" time="0.001"/>
  <testcase name="输出长度恒为 32 字节" classname="com.mixia.app.crypto.Argon2KdfTest" time="0.288"/>
  <testcase name="密码大小写与空白被视为不同" classname="com.mixia.app.crypto.Argon2KdfTest" time="0.294"/>
  <testcase name="相同密码与相同参数派生出相同密钥" classname="com.mixia.app.crypto.Argon2KdfTest" time="0.202"/>
  <testcase name="非法 KDF 参数被拒绝" classname="com.mixia.app.crypto.Argon2KdfTest" time="0.004"/>
  <testcase name="不同密码派生出不同密钥" classname="com.mixia.app.crypto.Argon2KdfTest" time="0.196"/>
  <testcase name="标准档参数符合设计值" classname="com.mixia.app.crypto.Argon2KdfTest" time="0.001"/>
  <testcase name="空密码被拒绝" classname="com.mixia.app.crypto.Argon2KdfTest" time="0.001"/>
  <testcase name="换个 salt 就派生出完全不同的密钥" classname="com.mixia.app.crypto.Argon2KdfTest" time="0.194"/>
  <system-out><![CDATA[]]></system-out>
  <system-err><![CDATA[]]></system-err>
</testsuite>
