<?xml version="1.0" encoding="UTF-8"?>
<testsuite name="com.mixia.app.crypto.VaultKeyFileTest" tests="11" skipped="0" failures="0" errors="0" timestamp="2026-09-14T22:40:58.599Z" hostname="公司" time="3.271">
  <properties/>
  <testcase name="KDF 参数被原样保留" classname="com.mixia.app.crypto.VaultKeyFileTest" time="0.196"/>
  <testcase name="主密码槽密文被篡改后密码解锁失败但恢复码仍可用" classname="com.mixia.app.crypto.VaultKeyFileTest" time="0.406"/>
  <testcase name="编码结果是确定的_同样输入两次编码长度一致" classname="com.mixia.app.crypto.VaultKeyFileTest" time="0.328"/>
  <testcase name="尾部被追加垃圾字节应被拒绝" classname="com.mixia.app.crypto.VaultKeyFileTest" time="0.203"/>
  <testcase name="编码后解码可以正常解锁" classname="com.mixia.app.crypto.VaultKeyFileTest" time="0.499"/>
  <testcase name="版本号不支持时被拒绝" classname="com.mixia.app.crypto.VaultKeyFileTest" time="0.219"/>
  <testcase name="启用与未启用假密码时密钥文件长度一致" classname="com.mixia.app.crypto.VaultKeyFileTest" time="0.515"/>
  <testcase name="magic 不匹配的文件被拒绝" classname="com.mixia.app.crypto.VaultKeyFileTest" time="0.204"/>
  <testcase name="密钥文件中不含任何明文密钥" classname="com.mixia.app.crypto.VaultKeyFileTest" time="0.281"/>
  <testcase name="被截断的文件被拒绝" classname="com.mixia.app.crypto.VaultKeyFileTest" time="0.207"/>
  <testcase name="缺少主密码槽的文件被拒绝" classname="com.mixia.app.crypto.VaultKeyFileTest" time="0.21"/>
  <system-out><![CDATA[]]></system-out>
  <system-err><![CDATA[]]></system-err>
</testsuite>
