<?xml version="1.0" encoding="UTF-8"?>
<testsuite name="com.mixia.app.crypto.VaultKeyFileTest" tests="11" skipped="0" failures="1" errors="0" timestamp="2026-09-14T22:39:15.494Z" hostname="公司" time="3.13">
  <properties/>
  <testcase name="KDF 参数被原样保留" classname="com.mixia.app.crypto.VaultKeyFileTest" time="0.211"/>
  <testcase name="主密码槽密文被篡改后密码解锁失败但恢复码仍可用" classname="com.mixia.app.crypto.VaultKeyFileTest" time="0.38"/>
  <testcase name="编码结果是确定的_同样输入两次编码长度一致" classname="com.mixia.app.crypto.VaultKeyFileTest" time="0.283"/>
  <testcase name="尾部被追加垃圾字节应被拒绝" classname="com.mixia.app.crypto.VaultKeyFileTest" time="0.197">
    <failure message="java.lang.AssertionError: 追加了 64 字节垃圾的密钥文件被接受了" type="java.lang.AssertionError">java.lang.AssertionError: 追加了 64 字节垃圾的密钥文件被接受了
	at org.junit.Assert.fail(Assert.java:89)
	at com.mixia.app.crypto.VaultKeyFileTest.尾部被追加垃圾字节应被拒绝(VaultKeyFileTest.kt:159)
	at java.base/jdk.internal.reflect.DirectMethodHandleAccessor.invoke(Unknown Source)
	at java.base/java.lang.reflect.Method.invoke(Unknown Source)
	at org.junit.runners.model.FrameworkMethod$1.runReflectiveCall(FrameworkMethod.java:59)
	at org.junit.internal.runners.model.ReflectiveCallable.run(ReflectiveCallable.java:12)
	at org.junit.runners.model.FrameworkMethod.invokeExplosively(FrameworkMethod.java:56)
	at org.junit.internal.runners.statements.InvokeMethod.evaluate(InvokeMethod.java:17)
	at org.junit.runners.ParentRunner$3.evaluate(ParentRunner.java:306)
	at org.junit.runners.BlockJUnit4ClassRunner$1.evaluate(BlockJUnit4ClassRunner.java:100)
	at org.junit.runners.ParentRunner.runLeaf(ParentRunner.java:366)
	at org.junit.runners.BlockJUnit4ClassRunner.runChild(BlockJUnit4ClassRunner.java:103)
	at org.junit.runners.BlockJUnit4ClassRunner.runChild(BlockJUnit4ClassRunner.java:63)
	at org.junit.runners.ParentRunner$4.run(ParentRunner.java:331)
	at org.junit.runners.ParentRunner$1.schedule(ParentRunner.java:79)
	at org.junit.runners.ParentRunner.runChildren(ParentRunner.java:329)
	at org.junit.runners.ParentRunner.access$100(ParentRunner.java:66)
	at org.junit.runners.ParentRunner$2.evaluate(ParentRunner.java:293)
	at org.junit.runners.ParentRunner$3.evaluate(ParentRunner.java:306)
	at org.junit.runners.ParentRunner.run(ParentRunner.java:413)
	at org.junit.runner.JUnitCore.run(JUnitCore.java:137)
	at org.junit.runner.JUnitCore.run(JUnitCore.java:115)
	at org.gradle.api.internal.tasks.testing.junit.JUnitTestExecutor.runRequest(JUnitTestExecutor.java:175)
	at org.gradle.api.internal.tasks.testing.junit.JUnitTestExecutor.accept(JUnitTestExecutor.java:84)
	at org.gradle.api.internal.tasks.testing.junit.JUnitTestExecutor.accept(JUnitTestExecutor.java:47)
	at org.gradle.api.internal.tasks.testing.junit.AbstractJUnitTestDefinitionProcessor.processTestDefinition(AbstractJUnitTestDefinitionProcessor.java:65)
	at org.gradle.api.internal.tasks.testing.SuiteTestDefinitionProcessor.processTestDefinition(SuiteTestDefinitionProcessor.java:54)
	at java.base/jdk.internal.reflect.DirectMethodHandleAccessor.invoke(Unknown Source)
	at java.base/java.lang.reflect.Method.invoke(Unknown Source)
	at org.gradle.internal.dispatch.MethodInvocation.invokeOn(MethodInvocation.java:77)
	at org.gradle.internal.dispatch.ReflectionDispatch.dispatch(ReflectionDispatch.java:28)
	at org.gradle.internal.dispatch.ReflectionDispatch.dispatch(ReflectionDispatch.java:19)
	at org.gradle.internal.dispatch.ContextClassLoaderDispatch.dispatch(ContextClassLoaderDispatch.java:33)
	at org.gradle.internal.dispatch.ProxyDispatchAdapter$DispatchingInvocationHandler.invoke(ProxyDispatchAdapter.java:88)
	at jdk.proxy1/jdk.proxy1.$Proxy4.processTestDefinition(Unknown Source)
	at org.gradle.api.internal.tasks.testing.worker.TestWorker$2.run(TestWorker.java:178)
	at org.gradle.api.internal.tasks.testing.worker.TestWorker.executeAndMaintainThreadName(TestWorker.java:126)
	at org.gradle.api.internal.tasks.testing.worker.TestWorker.execute(TestWorker.java:103)
	at org.gradle.api.internal.tasks.testing.worker.TestWorker.execute(TestWorker.java:63)
	at org.gradle.process.internal.worker.child.ActionExecutionWorker.execute(ActionExecutionWorker.java:56)
	at org.gradle.process.internal.worker.child.SystemApplicationClassLoaderWorker.call(SystemApplicationClassLoaderWorker.java:122)
	at org.gradle.process.internal.worker.child.SystemApplicationClassLoaderWorker.call(SystemApplicationClassLoaderWorker.java:72)
	at worker.org.gradle.process.internal.worker.GradleWorkerMain.run(GradleWorkerMain.java:69)
	at worker.org.gradle.process.internal.worker.GradleWorkerMain.main(GradleWorkerMain.java:74)
</failure>
  </testcase>
  <testcase name="编码后解码可以正常解锁" classname="com.mixia.app.crypto.VaultKeyFileTest" time="0.502"/>
  <testcase name="版本号不支持时被拒绝" classname="com.mixia.app.crypto.VaultKeyFileTest" time="0.203"/>
  <testcase name="启用与未启用假密码时密钥文件长度一致" classname="com.mixia.app.crypto.VaultKeyFileTest" time="0.486"/>
  <testcase name="magic 不匹配的文件被拒绝" classname="com.mixia.app.crypto.VaultKeyFileTest" time="0.197"/>
  <testcase name="密钥文件中不含任何明文密钥" classname="com.mixia.app.crypto.VaultKeyFileTest" time="0.297"/>
  <testcase name="被截断的文件被拒绝" classname="com.mixia.app.crypto.VaultKeyFileTest" time="0.194"/>
  <testcase name="缺少主密码槽的文件被拒绝" classname="com.mixia.app.crypto.VaultKeyFileTest" time="0.176"/>
  <system-out><![CDATA[]]></system-out>
  <system-err><![CDATA[]]></system-err>
</testsuite>
